<?xml version="1.0" encoding="UTF-8"?>
<testng-results skipped="0" failed="0" total="1" passed="1">
  <reporter-output>
  </reporter-output>
  <suite name="Default suite" duration-ms="13116" started-at="2021-07-08T21:40:26Z" finished-at="2021-07-08T21:40:39Z">
    <groups>
    </groups>
    <test name="Default test" duration-ms="13116" started-at="2021-07-08T21:40:26Z" finished-at="2021-07-08T21:40:39Z">
      <class name="QAmonCodeTest_AcquireAngel.SignPage_Pom_TestNG">
        <test-method status="PASS" signature="setUpTest()[pri:0, instance:QAmonCodeTest_AcquireAngel.SignPage_Pom_TestNG@1a407d53]" name="setUpTest" is-config="true" duration-ms="5584" started-at="2021-07-09T03:40:26Z" finished-at="2021-07-09T03:40:31Z">
          <reporter-output>
          </reporter-output>
        </test-method> <!-- setUpTest -->
        <test-method status="PASS" signature="stepone()[pri:0, instance:QAmonCodeTest_AcquireAngel.SignPage_Pom_TestNG@1a407d53]" name="stepone" duration-ms="4791" started-at="2021-07-09T03:40:31Z" finished-at="2021-07-09T03:40:36Z">
          <reporter-output>
          </reporter-output>
        </test-method> <!-- stepone -->
        <test-method status="PASS" signature="tearDown()[pri:0, instance:QAmonCodeTest_AcquireAngel.SignPage_Pom_TestNG@1a407d53]" name="tearDown" is-config="true" duration-ms="2725" started-at="2021-07-09T03:40:36Z" finished-at="2021-07-09T03:40:39Z">
          <reporter-output>
          </reporter-output>
        </test-method> <!-- tearDown -->
      </class> <!-- QAmonCodeTest_AcquireAngel.SignPage_Pom_TestNG -->
    </test> <!-- Default test -->
  </suite> <!-- Default suite -->
</testng-results>
